2024-01-17T16:53:21.702+0900 [DEBUG] [org.gradle.launcher.daemon.bootstrap.DaemonMain] Assuming the daemon was started with following jvm opts: [--add-opens=java.base/java.util=ALL-UNNAMED, --add-opens=java.base/java.lang=ALL-UNNAMED, --add-opens=java.base/java.lang.invoke=ALL-UNNAMED, --add-opens=java.prefs/java.util.prefs=ALL-UNNAMED, --add-opens=java.base/java.nio.charset=ALL-UNNAMED, --add-opens=java.base/java.net=ALL-UNNAMED, --add-opens=java.base/java.util.concurrent.atomic=ALL-UNNAMED, -XX:MaxMetaspaceSize=384m, -XX:+HeapDumpOnOutOfMemoryError, -Xms256m, -Xmx512m, -Dfile.encoding=UTF-8, -Duser.country=KR, -Duser.language=ko, -Duser.variant]
2024-01-17T16:53:21.834+0900 [DEBUG] [org.gradle.internal.nativeintegration.services.NativeServices] Native-platform posix files integration is not available. Continuing with fallback.
2024-01-17T16:53:21.846+0900 [INFO] [org.gradle.launcher.daemon.server.Daemon] start() called on daemon - DefaultDaemonContext[uid=cf43ab22-0284-4222-9b61-e0242b0440e1,javaHome=C:\Program Files\Zulu\zulu-17,daemonRegistryDir=C:\Users\lisso\Desktop\ALZPA\server\server\daemon,pid=11720,idleTimeout=10800000,priority=NORMAL,applyInstrumentationAgent=true,daemonOpts=--add-opens=java.base/java.util=ALL-UNNAMED,--add-opens=java.base/java.lang=ALL-UNNAMED,--add-opens=java.base/java.lang.invoke=ALL-UNNAMED,--add-opens=java.prefs/java.util.prefs=ALL-UNNAMED,--add-opens=java.base/java.nio.charset=ALL-UNNAMED,--add-opens=java.base/java.net=ALL-UNNAMED,--add-opens=java.base/java.util.concurrent.atomic=ALL-UNNAMED,-XX:MaxMetaspaceSize=384m,-XX:+HeapDumpOnOutOfMemoryError,-Xms256m,-Xmx512m,-Dfile.encoding=UTF-8,-Duser.country=KR,-Duser.language=ko,-Duser.variant]
2024-01-17T16:53:21.976+0900 [DEBUG] [org.gradle.internal.remote.internal.inet.InetAddresses] Adding IP addresses for network interface Software Loopback Interface 1
2024-01-17T16:53:21.979+0900 [DEBUG] [org.gradle.internal.remote.internal.inet.InetAddresses] Is this a loopback interface? true
2024-01-17T16:53:21.980+0900 [DEBUG] [org.gradle.internal.remote.internal.inet.InetAddresses] Adding loopback address /127.0.0.1
2024-01-17T16:53:21.980+0900 [DEBUG] [org.gradle.internal.remote.internal.inet.InetAddresses] Adding loopback address /0:0:0:0:0:0:0:1
2024-01-17T16:53:21.981+0900 [DEBUG] [org.gradle.internal.remote.internal.inet.InetAddresses] Adding IP addresses for network interface Microsoft 6to4 Adapter
2024-01-17T16:53:21.984+0900 [DEBUG] [org.gradle.internal.remote.internal.inet.InetAddresses] Is this a loopback interface? false
2024-01-17T16:53:21.984+0900 [DEBUG] [org.gradle.internal.remote.internal.inet.InetAddresses] Adding IP addresses for network interface Microsoft IP-HTTPS Platform Adapter
2024-01-17T16:53:21.987+0900 [DEBUG] [org.gradle.internal.remote.internal.inet.InetAddresses] Is this a loopback interface? false
2024-01-17T16:53:21.987+0900 [DEBUG] [org.gradle.internal.remote.internal.inet.InetAddresses] Adding IP addresses for network interface WAN Miniport (L2TP)
2024-01-17T16:53:21.990+0900 [DEBUG] [org.gradle.internal.remote.internal.inet.InetAddresses] Is this a loopback interface? false
2024-01-17T16:53:21.991+0900 [DEBUG] [org.gradle.internal.remote.internal.inet.InetAddresses] Adding IP addresses for network interface WAN Miniport (PPTP)
2024-01-17T16:53:21.994+0900 [DEBUG] [org.gradle.internal.remote.internal.inet.InetAddresses] Is this a loopback interface? false
2024-01-17T16:53:21.995+0900 [DEBUG] [org.gradle.internal.remote.internal.inet.InetAddresses] Adding IP addresses for network interface WAN Miniport (IP)
2024-01-17T16:53:21.999+0900 [DEBUG] [org.gradle.internal.remote.internal.inet.InetAddresses] Is this a loopback interface? false
2024-01-17T16:53:21.999+0900 [DEBUG] [org.gradle.internal.remote.internal.inet.InetAddresses] Adding IP addresses for network interface Microsoft Kernel Debug Network Adapter
2024-01-17T16:53:22.002+0900 [DEBUG] [org.gradle.internal.remote.internal.inet.InetAddresses] Is this a loopback interface? false
2024-01-17T16:53:22.003+0900 [DEBUG] [org.gradle.internal.remote.internal.inet.InetAddresses] Adding IP addresses for network interface Microsoft Teredo Tunneling Adapter
2024-01-17T16:53:22.006+0900 [DEBUG] [org.gradle.internal.remote.internal.inet.InetAddresses] Is this a loopback interface? false
2024-01-17T16:53:22.006+0900 [DEBUG] [org.gradle.internal.remote.internal.inet.InetAddresses] Adding IP addresses for network interface WAN Miniport (IPv6)
2024-01-17T16:53:22.009+0900 [DEBUG] [org.gradle.internal.remote.internal.inet.InetAddresses] Is this a loopback interface? false
2024-01-17T16:53:22.009+0900 [DEBUG] [org.gradle.internal.remote.internal.inet.InetAddresses] Adding IP addresses for network interface WAN Miniport (IKEv2)
2024-01-17T16:53:22.012+0900 [DEBUG] [org.gradle.internal.remote.internal.inet.InetAddresses] Is this a loopback interface? false
2024-01-17T16:53:22.013+0900 [DEBUG] [org.gradle.internal.remote.internal.inet.InetAddresses] Adding IP addresses for network interface WAN Miniport (PPPOE)
2024-01-17T16:53:22.016+0900 [DEBUG] [org.gradle.internal.remote.internal.inet.InetAddresses] Is this a loopback interface? false
2024-01-17T16:53:22.016+0900 [DEBUG] [org.gradle.internal.remote.internal.inet.InetAddresses] Adding IP addresses for network interface WAN Miniport (SSTP)
2024-01-17T16:53:22.019+0900 [DEBUG] [org.gradle.internal.remote.internal.inet.InetAddresses] Is this a loopback interface? false
2024-01-17T16:53:22.019+0900 [DEBUG] [org.gradle.internal.remote.internal.inet.InetAddresses] Adding IP addresses for network interface Realtek PCIe GBE Family Controller
2024-01-17T16:53:22.022+0900 [DEBUG] [org.gradle.internal.remote.internal.inet.InetAddresses] Is this a loopback interface? false
2024-01-17T16:53:22.023+0900 [DEBUG] [org.gradle.internal.remote.internal.inet.InetAddresses] Adding remote address /192.168.0.3
2024-01-17T16:53:22.023+0900 [DEBUG] [org.gradle.internal.remote.internal.inet.InetAddresses] Adding remote address /fe80:0:0:0:1b1f:6f4a:3dc3:310f%eth3
2024-01-17T16:53:22.023+0900 [DEBUG] [org.gradle.internal.remote.internal.inet.InetAddresses] Adding IP addresses for network interface WAN Miniport (Network Monitor)
2024-01-17T16:53:22.026+0900 [DEBUG] [org.gradle.internal.remote.internal.inet.InetAddresses] Is this a loopback interface? false
2024-01-17T16:53:22.026+0900 [DEBUG] [org.gradle.internal.remote.internal.inet.InetAddresses] Adding IP addresses for network interface Realtek PCIe GBE Family Controller-WFP Native MAC Layer LightWeight Filter-0000
2024-01-17T16:53:22.029+0900 [DEBUG] [org.gradle.internal.remote.internal.inet.InetAddresses] Is this a loopback interface? false
2024-01-17T16:53:22.030+0900 [DEBUG] [org.gradle.internal.remote.internal.inet.InetAddresses] Adding IP addresses for network interface Realtek PCIe GBE Family Controller-QoS Packet Scheduler-0000
2024-01-17T16:53:22.033+0900 [DEBUG] [org.gradle.internal.remote.internal.inet.InetAddresses] Is this a loopback interface? false
2024-01-17T16:53:22.033+0900 [DEBUG] [org.gradle.internal.remote.internal.inet.InetAddresses] Adding IP addresses for network interface Realtek PCIe GBE Family Controller-WFP 802.3 MAC Layer LightWeight Filter-0000
2024-01-17T16:53:22.036+0900 [DEBUG] [org.gradle.internal.remote.internal.inet.InetAddresses] Is this a loopback interface? false
2024-01-17T16:53:22.036+0900 [DEBUG] [org.gradle.internal.remote.internal.inet.InetAddresses] Adding IP addresses for network interface WAN Miniport (IP)-WFP Native MAC Layer LightWeight Filter-0000
2024-01-17T16:53:22.039+0900 [DEBUG] [org.gradle.internal.remote.internal.inet.InetAddresses] Is this a loopback interface? false
2024-01-17T16:53:22.040+0900 [DEBUG] [org.gradle.internal.remote.internal.inet.InetAddresses] Adding IP addresses for network interface WAN Miniport (IP)-QoS Packet Scheduler-0000
2024-01-17T16:53:22.042+0900 [DEBUG] [org.gradle.internal.remote.internal.inet.InetAddresses] Is this a loopback interface? false
2024-01-17T16:53:22.043+0900 [DEBUG] [org.gradle.internal.remote.internal.inet.InetAddresses] Adding IP addresses for network interface WAN Miniport (IPv6)-WFP Native MAC Layer LightWeight Filter-0000
2024-01-17T16:53:22.046+0900 [DEBUG] [org.gradle.internal.remote.internal.inet.InetAddresses] Is this a loopback interface? false
2024-01-17T16:53:22.046+0900 [DEBUG] [org.gradle.internal.remote.internal.inet.InetAddresses] Adding IP addresses for network interface WAN Miniport (IPv6)-QoS Packet Scheduler-0000
2024-01-17T16:53:22.049+0900 [DEBUG] [org.gradle.internal.remote.internal.inet.InetAddresses] Is this a loopback interface? false
2024-01-17T16:53:22.050+0900 [DEBUG] [org.gradle.internal.remote.internal.inet.InetAddresses] Adding IP addresses for network interface WAN Miniport (Network Monitor)-WFP Native MAC Layer LightWeight Filter-0000
2024-01-17T16:53:22.053+0900 [DEBUG] [org.gradle.internal.remote.internal.inet.InetAddresses] Is this a loopback interface? false
2024-01-17T16:53:22.053+0900 [DEBUG] [org.gradle.internal.remote.internal.inet.InetAddresses] Adding IP addresses for network interface WAN Miniport (Network Monitor)-QoS Packet Scheduler-0000
2024-01-17T16:53:22.056+0900 [DEBUG] [org.gradle.internal.remote.internal.inet.InetAddresses] Is this a loopback interface? false
2024-01-17T16:53:22.056+0900 [DEBUG] [org.gradle.internal.remote.internal.inet.InetAddresses] Adding IP addresses for network interface Hyper-V Virtual Switch Extension Adapter
2024-01-17T16:53:22.059+0900 [DEBUG] [org.gradle.internal.remote.internal.inet.InetAddresses] Is this a loopback interface? false
2024-01-17T16:53:22.059+0900 [DEBUG] [org.gradle.internal.remote.internal.inet.InetAddresses] Adding IP addresses for network interface Hyper-V Virtual Switch Extension Adapter-Hyper-V Virtual Switch Extension Filter-0000
2024-01-17T16:53:22.063+0900 [DEBUG] [org.gradle.internal.remote.internal.inet.InetAddresses] Is this a loopback interface? false
2024-01-17T16:53:22.063+0900 [DEBUG] [org.gradle.internal.remote.internal.inet.InetAddresses] Adding IP addresses for network interface Hyper-V Virtual Ethernet Adapter
2024-01-17T16:53:22.066+0900 [DEBUG] [org.gradle.internal.remote.internal.inet.InetAddresses] Is this a loopback interface? false
2024-01-17T16:53:22.066+0900 [DEBUG] [org.gradle.internal.remote.internal.inet.InetAddresses] Adding remote address /172.25.224.1
2024-01-17T16:53:22.067+0900 [DEBUG] [org.gradle.internal.remote.internal.inet.InetAddresses] Adding remote address /fe80:0:0:0:6338:b284:7cf1:6758%eth16
2024-01-17T16:53:22.067+0900 [DEBUG] [org.gradle.internal.remote.internal.inet.InetAddresses] Adding IP addresses for network interface Hyper-V Virtual Ethernet Adapter-WFP Native MAC Layer LightWeight Filter-0000
2024-01-17T16:53:22.070+0900 [DEBUG] [org.gradle.internal.remote.internal.inet.InetAddresses] Is this a loopback interface? false
2024-01-17T16:53:22.070+0900 [DEBUG] [org.gradle.internal.remote.internal.inet.InetAddresses] Adding IP addresses for network interface Hyper-V Virtual Ethernet Adapter-QoS Packet Scheduler-0000
2024-01-17T16:53:22.073+0900 [DEBUG] [org.gradle.internal.remote.internal.inet.InetAddresses] Is this a loopback interface? false
2024-01-17T16:53:22.073+0900 [DEBUG] [org.gradle.internal.remote.internal.inet.InetAddresses] Adding IP addresses for network interface Hyper-V Virtual Ethernet Adapter-WFP 802.3 MAC Layer LightWeight Filter-0000
2024-01-17T16:53:22.076+0900 [DEBUG] [org.gradle.internal.remote.internal.inet.InetAddresses] Is this a loopback interface? false
2024-01-17T16:53:22.084+0900 [DEBUG] [org.gradle.internal.remote.internal.inet.TcpIncomingConnector] Listening on [4d10f07d-1093-4e86-b6ae-c493aede92bc port:58920, addresses:[localhost/127.0.0.1]].
2024-01-17T16:53:22.095+0900 [DEBUG] [org.gradle.launcher.daemon.server.Daemon] Daemon starting at: Wed Jan 17 16:53:22 KST 2024, with address: [4d10f07d-1093-4e86-b6ae-c493aede92bc port:58920, addresses:[localhost/127.0.0.1]]
2024-01-17T16:53:22.095+0900 [INFO] [org.gradle.launcher.daemon.server.DaemonRegistryUpdater] Advertising the daemon address to the clients: [4d10f07d-1093-4e86-b6ae-c493aede92bc port:58920, addresses:[localhost/127.0.0.1]]
2024-01-17T16:53:22.096+0900 [DEBUG] [org.gradle.launcher.daemon.server.DaemonRegistryUpdater] Advertised daemon context: DefaultDaemonContext[uid=cf43ab22-0284-4222-9b61-e0242b0440e1,javaHome=C:\Program Files\Zulu\zulu-17,daemonRegistryDir=C:\Users\lisso\Desktop\ALZPA\server\server\daemon,pid=11720,idleTimeout=10800000,priority=NORMAL,applyInstrumentationAgent=true,daemonOpts=--add-opens=java.base/java.util=ALL-UNNAMED,--add-opens=java.base/java.lang=ALL-UNNAMED,--add-opens=java.base/java.lang.invoke=ALL-UNNAMED,--add-opens=java.prefs/java.util.prefs=ALL-UNNAMED,--add-opens=java.base/java.nio.charset=ALL-UNNAMED,--add-opens=java.base/java.net=ALL-UNNAMED,--add-opens=java.base/java.util.concurrent.atomic=ALL-UNNAMED,-XX:MaxMetaspaceSize=384m,-XX:+HeapDumpOnOutOfMemoryError,-Xms256m,-Xmx512m,-Dfile.encoding=UTF-8,-Duser.country=KR,-Duser.language=ko,-Duser.variant]
2024-01-17T16:53:22.096+0900 [DEBUG] [org.gradle.launcher.daemon.registry.PersistentDaemonRegistry] Storing daemon address: [4d10f07d-1093-4e86-b6ae-c493aede92bc port:58920, addresses:[localhost/127.0.0.1]], context: DefaultDaemonContext[uid=cf43ab22-0284-4222-9b61-e0242b0440e1,javaHome=C:\Program Files\Zulu\zulu-17,daemonRegistryDir=C:\Users\lisso\Desktop\ALZPA\server\server\daemon,pid=11720,idleTimeout=10800000,priority=NORMAL,applyInstrumentationAgent=true,daemonOpts=--add-opens=java.base/java.util=ALL-UNNAMED,--add-opens=java.base/java.lang=ALL-UNNAMED,--add-opens=java.base/java.lang.invoke=ALL-UNNAMED,--add-opens=java.prefs/java.util.prefs=ALL-UNNAMED,--add-opens=java.base/java.nio.charset=ALL-UNNAMED,--add-opens=java.base/java.net=ALL-UNNAMED,--add-opens=java.base/java.util.concurrent.atomic=ALL-UNNAMED,-XX:MaxMetaspaceSize=384m,-XX:+HeapDumpOnOutOfMemoryError,-Xms256m,-Xmx512m,-Dfile.encoding=UTF-8,-Duser.country=KR,-Duser.language=ko,-Duser.variant]
2024-01-17T16:53:22.106+0900 [DEBUG] [org.gradle.cache.internal.DefaultFileLockManager] Waiting to acquire exclusive lock on daemon addresses registry.
2024-01-17T16:53:22.109+0900 [DEBUG] [org.gradle.cache.internal.DefaultFileLockManager] Lock acquired on daemon addresses registry.
2024-01-17T16:53:22.114+0900 [DEBUG] [org.gradle.cache.internal.DefaultFileLockManager] Releasing lock on daemon addresses registry.
2024-01-17T16:53:22.115+0900 [LIFECYCLE] [org.gradle.launcher.daemon.server.Daemon] Daemon server started.
2024-01-17T16:53:22.116+0900 [DEBUG] [org.gradle.launcher.daemon.bootstrap.DaemonStartupCommunication] Completed writing the daemon greeting. Closing streams...
2024-01-17T16:53:22.121+0900 [DEBUG] [org.gradle.launcher.daemon.server.Daemon] stopOnExpiration() called on daemon
2024-01-17T16:53:22.122+0900 [DEBUG] [org.gradle.launcher.daemon.server.Daemon] awaitExpiration() called on daemon
2024-01-17T16:53:22.122+0900 [DEBUG] [org.gradle.internal.remote.internal.inet.TcpIncomingConnector] Accepted connection from /127.0.0.1:58921 to /127.0.0.1:58920.
2024-01-17T16:53:22.123+0900 [DEBUG] [org.gradle.launcher.daemon.server.DaemonStateCoordinator] daemon is running. Sleeping until state changes.
2024-01-17T16:53:22.183+0900 [DEBUG] [org.gradle.launcher.daemon.server.SynchronizedDispatchConnection] thread 22: received class org.gradle.launcher.daemon.protocol.Build
2024-01-17T16:53:22.184+0900 [DEBUG] [org.gradle.launcher.daemon.server.DefaultDaemonConnection] thread 22: Received non-IO message from client: Build{id=4ebd9c50-4bd2-47e3-9fbe-5daee064fdbd, currentDir=C:\Users\lisso\Desktop\ALZPA\server\server}
2024-01-17T16:53:22.184+0900 [INFO] [org.gradle.launcher.daemon.server.DefaultIncomingConnectionHandler] Received command: Build{id=4ebd9c50-4bd2-47e3-9fbe-5daee064fdbd, currentDir=C:\Users\lisso\Desktop\ALZPA\server\server}.
2024-01-17T16:53:22.184+0900 [DEBUG] [org.gradle.launcher.daemon.server.DefaultIncomingConnectionHandler] Starting executing command: Build{id=4ebd9c50-4bd2-47e3-9fbe-5daee064fdbd, currentDir=C:\Users\lisso\Desktop\ALZPA\server\server} with connection: socket connection from /127.0.0.1:58920 to /127.0.0.1:58921.
2024-01-17T16:53:22.187+0900 [DEBUG] [org.gradle.launcher.daemon.server.DaemonStateCoordinator] Command execution: started DaemonCommandExecution[command = Build{id=4ebd9c50-4bd2-47e3-9fbe-5daee064fdbd, currentDir=C:\Users\lisso\Desktop\ALZPA\server\server}, connection = DefaultDaemonConnection: socket connection from /127.0.0.1:58920 to /127.0.0.1:58921] after 0.0 minutes of idle
2024-01-17T16:53:22.187+0900 [INFO] [org.gradle.launcher.daemon.server.DaemonRegistryUpdater] Marking the daemon as busy, address: [4d10f07d-1093-4e86-b6ae-c493aede92bc port:58920, addresses:[localhost/127.0.0.1]]
2024-01-17T16:53:22.188+0900 [DEBUG] [org.gradle.launcher.daemon.registry.PersistentDaemonRegistry] Marking busy by address: [4d10f07d-1093-4e86-b6ae-c493aede92bc port:58920, addresses:[localhost/127.0.0.1]]
2024-01-17T16:53:22.189+0900 [DEBUG] [org.gradle.cache.internal.DefaultFileLockManager] Waiting to acquire exclusive lock on daemon addresses registry.
2024-01-17T16:53:22.190+0900 [DEBUG] [org.gradle.cache.internal.DefaultFileLockManager] Lock acquired on daemon addresses registry.
2024-01-17T16:53:22.191+0900 [DEBUG] [org.gradle.cache.internal.DefaultFileLockManager] Releasing lock on daemon addresses registry.
2024-01-17T16:53:22.192+0900 [DEBUG] [org.gradle.launcher.daemon.server.DaemonStateCoordinator] resetting idle timer
2024-01-17T16:53:22.192+0900 [DEBUG] [org.gradle.launcher.daemon.server.DaemonStateCoordinator] daemon is running. Sleeping until state changes.
2024-01-17T16:53:22.193+0900 [INFO] [org.gradle.launcher.daemon.server.exec.StartBuildOrRespondWithBusy] Daemon is about to start building Build{id=4ebd9c50-4bd2-47e3-9fbe-5daee064fdbd, currentDir=C:\Users\lisso\Desktop\ALZPA\server\server}. Dispatching build started information...
2024-01-17T16:53:22.193+0900 [DEBUG] [org.gradle.launcher.daemon.server.SynchronizedDispatchConnection] thread 24: dispatching org.gradle.launcher.daemon.protocol.BuildStarted@89aa687
2024-01-17T16:53:22.195+0900 [DEBUG] [org.gradle.launcher.daemon.server.exec.EstablishBuildEnvironment] Configuring env variables: [USERDOMAIN_ROAMINGPROFILE, google-client-id, PROCESSOR_LEVEL, SESSIONNAME, ALLUSERSPROFILE, PROCESSOR_ARCHITECTURE, PSModulePath, SystemDrive, USERNAME, ProgramFiles(x86), EFC_9492, FPS_BROWSER_USER_PROFILE_STRING, PATHEXT, DriverData, OneDriveConsumer, IntelliJ IDEA Community Edition, google-client-secret, ProgramData, ProgramW6432, MYSQL_SECRET, HOMEPATH, PROCESSOR_IDENTIFIER, kakao-client-id, ProgramFiles, PUBLIC, naver-client-secret, windir, =::, LOCALAPPDATA, ChocolateyLastPathUpdate, USERDOMAIN, LOGONSERVER, FPS_BROWSER_APP_PROFILE_STRING, JAVA_HOME, SECRET_KEY, OneDrive, APPDATA, GRADLE_USER_HOME, ChocolateyInstall, CommonProgramFiles, Path, OS, COMPUTERNAME, PROCESSOR_REVISION, naver-client-id, CLASSPATH, CommonProgramW6432, ComSpec, TEMP, SystemRoot, HOMEDRIVE, USERPROFILE, TMP, CommonProgramFiles(x86), NUMBER_OF_PROCESSORS, IDEA_INITIAL_DIRECTORY]
2024-01-17T16:53:22.200+0900 [DEBUG] [org.gradle.launcher.daemon.server.exec.LogToClient] About to start relaying all logs to the client via the connection.
2024-01-17T16:53:22.200+0900 [INFO] [org.gradle.launcher.daemon.server.exec.LogToClient] The client will now receive all logging from the daemon (pid: 11720). The daemon log file: C:\Users\lisso\Desktop\ALZPA\server\server\daemon\8.5\daemon-11720.out.log
2024-01-17T16:53:22.201+0900 [INFO] [org.gradle.launcher.daemon.server.exec.LogAndCheckHealth] Starting build in new daemon [memory: 512 MiB]
2024-01-17T16:53:22.203+0900 [DEBUG] [org.gradle.launcher.daemon.server.exec.ExecuteBuild] The daemon has started executing the build.
2024-01-17T16:53:22.204+0900 [DEBUG] [org.gradle.launcher.daemon.server.exec.ExecuteBuild] Executing build with daemon context: DefaultDaemonContext[uid=cf43ab22-0284-4222-9b61-e0242b0440e1,javaHome=C:\Program Files\Zulu\zulu-17,daemonRegistryDir=C:\Users\lisso\Desktop\ALZPA\server\server\daemon,pid=11720,idleTimeout=10800000,priority=NORMAL,applyInstrumentationAgent=true,daemonOpts=--add-opens=java.base/java.util=ALL-UNNAMED,--add-opens=java.base/java.lang=ALL-UNNAMED,--add-opens=java.base/java.lang.invoke=ALL-UNNAMED,--add-opens=java.prefs/java.util.prefs=ALL-UNNAMED,--add-opens=java.base/java.nio.charset=ALL-UNNAMED,--add-opens=java.base/java.net=ALL-UNNAMED,--add-opens=java.base/java.util.concurrent.atomic=ALL-UNNAMED,-XX:MaxMetaspaceSize=384m,-XX:+HeapDumpOnOutOfMemoryError,-Xms256m,-Xmx512m,-Dfile.encoding=UTF-8,-Duser.country=KR,-Duser.language=ko,-Duser.variant]

  .   ____          _            __ _ _
 /\\ / ___'_ __ _ _(_)_ __  __ _ \ \ \ \
( ( )\___ | '_ | '_| | '_ \/ _` | \ \ \ \
 \\/  ___)| |_)| | | | | || (_| |  ) ) ) )
  '  |____| .__|_| |_|_| |_\__, | / / / /
 =========|_|==============|___/=/_/_/_/
 :: Spring Boot ::                (v3.2.0)

2024-01-17T16:53:33.456+09:00  INFO 11956 --- [           main] alzpaCare.server.ServerApplication       : Starting ServerApplication using Java 17.0.9 with PID 11956 (C:\Users\lisso\Desktop\ALZPA\server\server\build\classes\java\main started by lisso in C:\Users\lisso\Desktop\ALZPA\server\server)
2024-01-17T16:53:33.465+09:00  INFO 11956 --- [           main] alzpaCare.server.ServerApplication       : The following 2 profiles are active: "oauth", "local"
2024-01-17T16:53:34.903+09:00  INFO 11956 --- [           main] .s.d.r.c.RepositoryConfigurationDelegate : Bootstrapping Spring Data JPA repositories in DEFAULT mode.
2024-01-17T16:53:35.084+09:00  INFO 11956 --- [           main] .s.d.r.c.RepositoryConfigurationDelegate : Finished Spring Data repository scanning in 146 ms. Found 6 JPA repository interfaces.
2024-01-17T16:53:36.608+09:00  INFO 11956 --- [           main] o.s.b.w.embedded.tomcat.TomcatWebServer  : Tomcat initialized with port 8080 (http)
2024-01-17T16:53:36.622+09:00  INFO 11956 --- [           main] o.apache.catalina.core.StandardService   : Starting service [Tomcat]
2024-01-17T16:53:36.622+09:00  INFO 11956 --- [           main] o.apache.catalina.core.StandardEngine    : Starting Servlet engine: [Apache Tomcat/10.1.16]
2024-01-17T16:53:36.739+09:00  INFO 11956 --- [           main] o.a.c.c.C.[Tomcat].[localhost].[/]       : Initializing Spring embedded WebApplicationContext
2024-01-17T16:53:36.742+09:00  INFO 11956 --- [           main] w.s.c.ServletWebServerApplicationContext : Root WebApplicationContext: initialization completed in 3213 ms
2024-01-17T16:53:37.008+09:00  INFO 11956 --- [           main] o.hibernate.jpa.internal.util.LogHelper  : HHH000204: Processing PersistenceUnitInfo [name: default]
2024-01-17T16:53:37.122+09:00  INFO 11956 --- [           main] org.hibernate.Version                    : HHH000412: Hibernate ORM core version 6.3.1.Final
2024-01-17T16:53:37.177+09:00  INFO 11956 --- [           main] o.h.c.internal.RegionFactoryInitiator    : HHH000026: Second-level cache disabled
2024-01-17T16:53:37.531+09:00  INFO 11956 --- [           main] o.s.o.j.p.SpringPersistenceUnitInfo      : No LoadTimeWeaver setup: ignoring JPA class transformer
2024-01-17T16:53:37.563+09:00  INFO 11956 --- [           main] com.zaxxer.hikari.HikariDataSource       : HikariPool-1 - Starting...
2024-01-17T16:53:37.860+09:00  INFO 11956 --- [           main] com.zaxxer.hikari.pool.HikariPool        : HikariPool-1 - Added connection com.mysql.cj.jdbc.ConnectionImpl@29b8df5
2024-01-17T16:53:37.862+09:00  INFO 11956 --- [           main] com.zaxxer.hikari.HikariDataSource       : HikariPool-1 - Start completed.
2024-01-17T16:53:37.922+09:00  WARN 11956 --- [           main] org.hibernate.orm.deprecation            : HHH90000025: MySQL8Dialect does not need to be specified explicitly using 'hibernate.dialect' (remove the property setting and it will be selected by default)
2024-01-17T16:53:37.924+09:00  WARN 11956 --- [           main] org.hibernate.orm.deprecation            : HHH90000026: MySQL8Dialect has been deprecated; use org.hibernate.dialect.MySQLDialect instead
2024-01-17T16:53:38.427+09:00  WARN 11956 --- [           main] org.hibernate.mapping.RootClass          : HHH000038: Composite-id class does not override equals(): alzpaCare.server.ProductLike.entity.ProductLikeId
2024-01-17T16:53:38.427+09:00  WARN 11956 --- [           main] org.hibernate.mapping.RootClass          : HHH000039: Composite-id class does not override hashCode(): alzpaCare.server.ProductLike.entity.ProductLikeId
2024-01-17T16:53:39.202+09:00  INFO 11956 --- [           main] o.h.e.t.j.p.i.JtaPlatformInitiator       : HHH000489: No JTA platform available (set 'hibernate.transaction.jta.platform' to enable JTA platform integration)
Hibernate: 
    alter table members 
       modify column delete_yn CHAR DEFAULT 'N'
Hibernate: 
    alter table product_comments 
       modify column delete_yn CHAR DEFAULT 'N'
Hibernate: 
    alter table products 
       modify column sold_out_yn CHAR DEFAULT 'N'
2024-01-17T16:53:39.342+09:00  INFO 11956 --- [           main] j.LocalContainerEntityManagerFactoryBean : Initialized JPA EntityManagerFactory for persistence unit 'default'
2024-01-17T16:53:39.693+09:00  INFO 11956 --- [           main] o.s.d.j.r.query.QueryEnhancerFactory     : Hibernate is in classpath; If applicable, HQL parser will be used.
2024-01-17T16:53:40.610+09:00  WARN 11956 --- [           main] JpaBaseConfiguration$JpaWebConfiguration : spring.jpa.open-in-view is enabled by default. Therefore, database queries may be performed during view rendering. Explicitly configure spring.jpa.open-in-view to disable this warning
2024-01-17T16:53:41.061+09:00  INFO 11956 --- [           main] o.s.s.web.DefaultSecurityFilterChain     : Will secure any request with [org.springframework.security.web.session.DisableEncodeUrlFilter@7af8b02, org.springframework.security.web.context.request.async.WebAsyncManagerIntegrationFilter@5d706283, org.springframework.security.web.context.SecurityContextHolderFilter@1740a7b0, org.springframework.security.web.header.HeaderWriterFilter@47828afb, org.springframework.web.filter.CorsFilter@5a118efb, org.springframework.security.web.authentication.logout.LogoutFilter@12dac814, org.springframework.security.oauth2.client.web.OAuth2AuthorizationRequestRedirectFilter@364178de, org.springframework.security.oauth2.client.web.OAuth2LoginAuthenticationFilter@57e1bc88, alzpaCare.server.security.jwt.JwtFilter@2618343, org.springframework.security.web.savedrequest.RequestCacheAwareFilter@27ddc4d3, org.springframework.security.web.servletapi.SecurityContextHolderAwareRequestFilter@3f008bb6, org.springframework.security.web.authentication.AnonymousAuthenticationFilter@796dff96, org.springframework.security.web.session.SessionManagementFilter@6a64be00, org.springframework.security.web.access.ExceptionTranslationFilter@2fa1f38b, org.springframework.security.web.access.intercept.AuthorizationFilter@7ebd31df]
2024-01-17T16:53:41.076+09:00  WARN 11956 --- [           main] o.s.s.c.a.web.builders.WebSecurity       : 

********************************************************************
**********        Security debugging is enabled.       *************
**********    This may include sensitive information.  *************
**********      Do not use in a production system!     *************
********************************************************************


2024-01-17T16:53:41.329+09:00  WARN 11956 --- [           main] ion$DefaultTemplateResolverConfiguration : Cannot find template location: classpath:/templates/ (please add some templates, check your Thymeleaf configuration, or set spring.thymeleaf.check-template-location=false)
2024-01-17T16:53:41.566+09:00  INFO 11956 --- [           main] o.s.b.w.embedded.tomcat.TomcatWebServer  : Tomcat started on port 8080 (http) with context path ''
2024-01-17T16:53:41.576+09:00  INFO 11956 --- [           main] alzpaCare.server.ServerApplication       : Started ServerApplication in 8.702 seconds (process running for 9.228)

FAILURE: Build failed with an exception.

* What went wrong:
Execution failed for task ':ServerApplication.main()'.
> Build cancelled while executing task ':ServerApplication.main()'

* Try:
> Run with --stacktrace option to get the stack trace.
> Run with --info or --debug option to get more log output.
> Run with --scan to get full insights.
> Get more help at https://help.gradle.org.

Deprecated Gradle features were used in this build, making it incompatible with Gradle 9.0.

You can use '--warning-mode all' to show the individual deprecation warnings and determine if they come from your own scripts or plugins.

For more on this, please refer to https://docs.gradle.org/8.5/userguide/command_line_interface.html#sec:command_line_warnings in the Gradle documentation.

BUILD FAILED in 4m 48s
3 actionable tasks: 2 executed, 1 up-to-date
2024-01-17T16:58:08.797+0900 [DEBUG] [org.gradle.launcher.daemon.server.exec.ExecuteBuild] The daemon has finished executing the build.
2024-01-17T16:58:08.814+0900 [DEBUG] [org.gradle.launcher.daemon.server.DaemonStateCoordinator] Cancel: daemon is busy, sleeping until state changes.
2024-01-17T16:58:08.815+0900 [DEBUG] [org.gradle.launcher.daemon.server.DaemonStateCoordinator] Command execution: finished waiting for DaemonCommandExecution[command = Build{id=4ebd9c50-4bd2-47e3-9fbe-5daee064fdbd, currentDir=C:\Users\lisso\Desktop\ALZPA\server\server}, connection = DefaultDaemonConnection: socket connection from /127.0.0.1:58920 to /127.0.0.1:58921]. Result org.gradle.launcher.daemon.server.DaemonStateCoordinator@123d8dc7 with state Canceled
2024-01-17T16:58:08.815+0900 [DEBUG] [org.gradle.launcher.daemon.server.DaemonStateCoordinator] Command execution: completed DaemonCommandExecution[command = Build{id=4ebd9c50-4bd2-47e3-9fbe-5daee064fdbd, currentDir=C:\Users\lisso\Desktop\ALZPA\server\server}, connection = DefaultDaemonConnection: socket connection from /127.0.0.1:58920 to /127.0.0.1:58921]
2024-01-17T16:58:08.815+0900 [DEBUG] [org.gradle.launcher.daemon.server.DaemonStateCoordinator] resetting idle timer
2024-01-17T16:58:08.816+0900 [INFO] [org.gradle.launcher.daemon.server.DaemonRegistryUpdater] Marking the daemon as idle, address: [4d10f07d-1093-4e86-b6ae-c493aede92bc port:58920, addresses:[localhost/127.0.0.1]]
2024-01-17T16:58:08.816+0900 [DEBUG] [org.gradle.launcher.daemon.registry.PersistentDaemonRegistry] Marking busy by address: [4d10f07d-1093-4e86-b6ae-c493aede92bc port:58920, addresses:[localhost/127.0.0.1]]
2024-01-17T16:58:08.819+0900 [DEBUG] [org.gradle.cache.internal.DefaultFileLockManager] Waiting to acquire exclusive lock on daemon addresses registry.
2024-01-17T16:58:08.819+0900 [DEBUG] [org.gradle.cache.internal.DefaultFileLockManager] Lock acquired on daemon addresses registry.
2024-01-17T16:58:08.822+0900 [DEBUG] [org.gradle.cache.internal.DefaultFileLockManager] Releasing lock on daemon addresses registry.
2024-01-17T16:58:08.823+0900 [DEBUG] [org.gradle.launcher.daemon.server.DaemonStateCoordinator] Cancel: daemon is idle now.
2024-01-17T16:58:08.824+0900 [DEBUG] [org.gradle.launcher.daemon.server.DaemonStateCoordinator] daemon is running. Sleeping until state changes.
2024-01-17T16:58:08.824+0900 [DEBUG] [org.gradle.launcher.daemon.server.exec.ReturnResult] Daemon is dispatching the build result: Success[value=org.gradle.launcher.exec.BuildActionResult@7f3c5090]
2024-01-17T16:58:08.825+0900 [DEBUG] [org.gradle.launcher.daemon.server.SynchronizedDispatchConnection] thread 21: dispatching Success[value=org.gradle.launcher.exec.BuildActionResult@7f3c5090]
2024-01-17T16:58:08.837+0900 [DEBUG] [org.gradle.launcher.daemon.server.DefaultIncomingConnectionHandler] Finishing executing command: Build{id=4ebd9c50-4bd2-47e3-9fbe-5daee064fdbd, currentDir=C:\Users\lisso\Desktop\ALZPA\server\server}
2024-01-17T16:58:08.838+0900 [DEBUG] [org.gradle.launcher.daemon.server.SynchronizedDispatchConnection] thread 22: received class org.gradle.launcher.daemon.protocol.Finished
2024-01-17T16:58:08.838+0900 [DEBUG] [org.gradle.launcher.daemon.server.DefaultDaemonConnection] thread 22: Received non-IO message from client: org.gradle.launcher.daemon.protocol.Finished@418a87d3
2024-01-17T16:58:08.839+0900 [DEBUG] [org.gradle.launcher.daemon.server.DefaultIncomingConnectionHandler] Received finished message: org.gradle.launcher.daemon.protocol.Finished@418a87d3
2024-01-17T16:58:08.839+0900 [DEBUG] [org.gradle.internal.remote.internal.inet.SocketConnection] Discarding EOFException: java.io.EOFException
2024-01-17T16:58:08.839+0900 [DEBUG] [org.gradle.launcher.daemon.server.SynchronizedDispatchConnection] thread 21: stopping connection
2024-01-17T16:58:08.840+0900 [DEBUG] [org.gradle.launcher.daemon.server.SynchronizedDispatchConnection] thread 22: received null
2024-01-17T16:58:08.841+0900 [DEBUG] [org.gradle.launcher.daemon.server.DefaultDaemonConnection] thread 22: Received end-of-input from client.
2024-01-17T16:58:08.841+0900 [DEBUG] [org.gradle.launcher.daemon.server.SynchronizedDispatchConnection] thread 21: stopping connection
2024-01-17T16:58:11.065+0900 [DEBUG] [org.gradle.cache.internal.LockOnDemandCrossProcessCacheAccess] Lock on journal cache (C:\Users\lisso\Desktop\ALZPA\server\server\caches\journal-1) requested by another process - releasing lock.
2024-01-17T16:58:11.065+0900 [DEBUG] [org.gradle.cache.internal.LockOnDemandCrossProcessCacheAccess] Releasing file lock for journal cache (C:\Users\lisso\Desktop\ALZPA\server\server\caches\journal-1)
2024-01-17T16:58:11.066+0900 [DEBUG] [org.gradle.cache.internal.btree.BTreePersistentIndexedCache] Closing cache file-access.bin (C:\Users\lisso\Desktop\ALZPA\server\server\caches\journal-1\file-access.bin)
2024-01-17T16:58:11.066+0900 [DEBUG] [org.gradle.cache.internal.DefaultFileLockManager] Releasing lock on journal cache (C:\Users\lisso\Desktop\ALZPA\server\server\caches\journal-1).
2024-01-17T16:58:11.067+0900 [DEBUG] [org.gradle.cache.internal.locklistener.FileLockCommunicator] Confirming lock release to Gradle process at port 61783 for lock with id -2405231651148310265.
2024-01-17T16:58:11.067+0900 [DEBUG] [org.gradle.cache.internal.locklistener.FileLockCommunicator] Confirming lock release to Gradle process at port 61783 for lock with id -2405231651148310265.
2024-01-17T16:58:11.259+0900 [DEBUG] [org.gradle.cache.internal.LockOnDemandCrossProcessCacheAccess] Lock on file hash cache (C:\Users\lisso\Desktop\ALZPA\server\server\caches\8.5\fileHashes) requested by another process - releasing lock.
2024-01-17T16:58:11.259+0900 [DEBUG] [org.gradle.cache.internal.LockOnDemandCrossProcessCacheAccess] Releasing file lock for file hash cache (C:\Users\lisso\Desktop\ALZPA\server\server\caches\8.5\fileHashes)
2024-01-17T16:58:11.260+0900 [DEBUG] [org.gradle.cache.internal.btree.BTreePersistentIndexedCache] Closing cache fileHashes.bin (C:\Users\lisso\Desktop\ALZPA\server\server\caches\8.5\fileHashes\fileHashes.bin)
2024-01-17T16:58:11.260+0900 [DEBUG] [org.gradle.cache.internal.btree.BTreePersistentIndexedCache] Closing cache resourceHashesCache.bin (C:\Users\lisso\Desktop\ALZPA\server\server\caches\8.5\fileHashes\resourceHashesCache.bin)
2024-01-17T16:58:11.260+0900 [DEBUG] [org.gradle.cache.internal.DefaultFileLockManager] Releasing lock on file hash cache (C:\Users\lisso\Desktop\ALZPA\server\server\caches\8.5\fileHashes).
2024-01-17T16:58:11.261+0900 [DEBUG] [org.gradle.cache.internal.locklistener.FileLockCommunicator] Confirming lock release to Gradle process at port 61783 for lock with id -4284730756378962487.
2024-01-17T16:58:11.261+0900 [DEBUG] [org.gradle.cache.internal.locklistener.FileLockCommunicator] Confirming lock release to Gradle process at port 61783 for lock with id -4284730756378962487.
2024-01-17T16:58:11.657+0900 [DEBUG] [org.gradle.cache.internal.LockOnDemandCrossProcessCacheAccess] Lock on jars (C:\Users\lisso\Desktop\ALZPA\server\server\caches\jars-9) requested by another process - releasing lock.
2024-01-17T16:58:11.658+0900 [DEBUG] [org.gradle.cache.internal.LockOnDemandCrossProcessCacheAccess] Releasing file lock for jars (C:\Users\lisso\Desktop\ALZPA\server\server\caches\jars-9)
2024-01-17T16:58:11.658+0900 [DEBUG] [org.gradle.cache.internal.DefaultFileLockManager] Releasing lock on jars (C:\Users\lisso\Desktop\ALZPA\server\server\caches\jars-9).
2024-01-17T16:58:11.658+0900 [DEBUG] [org.gradle.cache.internal.locklistener.FileLockCommunicator] Confirming lock release to Gradle process at port 61783 for lock with id -8221678104406254207.
2024-01-17T16:58:11.658+0900 [DEBUG] [org.gradle.cache.internal.locklistener.FileLockCommunicator] Confirming lock release to Gradle process at port 61783 for lock with id -8221678104406254207.
2024-01-17T16:58:12.137+0900 [DEBUG] [org.gradle.cache.internal.DefaultFileLockManager] Waiting to acquire shared lock on daemon addresses registry.
2024-01-17T16:58:12.137+0900 [DEBUG] [org.gradle.cache.internal.DefaultFileLockManager] Lock acquired on daemon addresses registry.
2024-01-17T16:58:12.138+0900 [DEBUG] [org.gradle.cache.internal.DefaultFileLockManager] Releasing lock on daemon addresses registry.
2024-01-17T16:58:12.141+0900 [DEBUG] [org.gradle.cache.internal.DefaultFileLockManager] Waiting to acquire shared lock on daemon addresses registry.
2024-01-17T16:58:12.142+0900 [DEBUG] [org.gradle.cache.internal.DefaultFileLockManager] Lock acquired on daemon addresses registry.
2024-01-17T16:58:12.142+0900 [DEBUG] [org.gradle.cache.internal.DefaultFileLockManager] Releasing lock on daemon addresses registry.
2024-01-17T16:58:12.187+0900 [DEBUG] [org.gradle.cache.internal.LockOnDemandCrossProcessCacheAccess] Lock on file content cache (C:\Users\lisso\Desktop\ALZPA\server\server\caches\8.5\fileContent) requested by another process - releasing lock.
2024-01-17T16:58:12.187+0900 [DEBUG] [org.gradle.cache.internal.LockOnDemandCrossProcessCacheAccess] Releasing file lock for file content cache (C:\Users\lisso\Desktop\ALZPA\server\server\caches\8.5\fileContent)
2024-01-17T16:58:12.187+0900 [DEBUG] [org.gradle.cache.internal.btree.BTreePersistentIndexedCache] Closing cache annotation-processors.bin (C:\Users\lisso\Desktop\ALZPA\server\server\caches\8.5\fileContent\annotation-processors.bin)
2024-01-17T16:58:12.188+0900 [DEBUG] [org.gradle.cache.internal.DefaultFileLockManager] Releasing lock on file content cache (C:\Users\lisso\Desktop\ALZPA\server\server\caches\8.5\fileContent).
2024-01-17T16:58:12.188+0900 [DEBUG] [org.gradle.cache.internal.locklistener.FileLockCommunicator] Confirming lock release to Gradle process at port 61783 for lock with id 986730171732886514.
2024-01-17T16:58:12.189+0900 [DEBUG] [org.gradle.cache.internal.locklistener.FileLockCommunicator] Confirming lock release to Gradle process at port 61783 for lock with id 986730171732886514.
2024-01-17T16:58:12.266+0900 [DEBUG] [org.gradle.cache.internal.LockOnDemandCrossProcessCacheAccess] Lock on execution history cache (C:\Users\lisso\Desktop\ALZPA\server\server\caches\8.5\executionHistory) requested by another process - releasing lock.
2024-01-17T16:58:12.267+0900 [DEBUG] [org.gradle.cache.internal.LockOnDemandCrossProcessCacheAccess] Releasing file lock for execution history cache (C:\Users\lisso\Desktop\ALZPA\server\server\caches\8.5\executionHistory)
2024-01-17T16:58:12.267+0900 [DEBUG] [org.gradle.cache.internal.DefaultFileLockManager] Releasing lock on execution history cache (C:\Users\lisso\Desktop\ALZPA\server\server\caches\8.5\executionHistory).
2024-01-17T16:58:12.267+0900 [DEBUG] [org.gradle.cache.internal.locklistener.FileLockCommunicator] Confirming lock release to Gradle process at port 61783 for lock with id 3133616644545000323.
2024-01-17T16:58:12.268+0900 [DEBUG] [org.gradle.cache.internal.locklistener.FileLockCommunicator] Confirming lock release to Gradle process at port 61783 for lock with id 3133616644545000323.
2024-01-17T16:58:14.870+0900 [DEBUG] [org.gradle.cache.internal.LockOnDemandCrossProcessCacheAccess] Lock on artifact cache (C:\Users\lisso\Desktop\ALZPA\server\server\caches\modules-2) requested by another process - releasing lock.
2024-01-17T16:58:14.871+0900 [DEBUG] [org.gradle.cache.internal.LockOnDemandCrossProcessCacheAccess] Releasing file lock for artifact cache (C:\Users\lisso\Desktop\ALZPA\server\server\caches\modules-2)
2024-01-17T16:58:14.871+0900 [DEBUG] [org.gradle.cache.internal.btree.BTreePersistentIndexedCache] Closing cache module-artifact.bin (C:\Users\lisso\Desktop\ALZPA\server\server\caches\modules-2\metadata-2.106\module-artifact.bin)
2024-01-17T16:58:14.871+0900 [DEBUG] [org.gradle.cache.internal.btree.BTreePersistentIndexedCache] Closing cache module-metadata.bin (C:\Users\lisso\Desktop\ALZPA\server\server\caches\modules-2\metadata-2.106\module-metadata.bin)
2024-01-17T16:58:14.871+0900 [DEBUG] [org.gradle.cache.internal.DefaultFileLockManager] Releasing lock on artifact cache (C:\Users\lisso\Desktop\ALZPA\server\server\caches\modules-2).
2024-01-17T16:58:14.872+0900 [DEBUG] [org.gradle.cache.internal.locklistener.FileLockCommunicator] Confirming lock release to Gradle process at port 61783 for lock with id 1911601523411849444.
2024-01-17T16:58:14.872+0900 [DEBUG] [org.gradle.cache.internal.locklistener.FileLockCommunicator] Confirming lock release to Gradle process at port 61783 for lock with id 1911601523411849444.
2024-01-17T16:58:22.126+0900 [DEBUG] [org.gradle.cache.internal.DefaultFileLockManager] Waiting to acquire shared lock on daemon addresses registry.
2024-01-17T16:58:22.127+0900 [DEBUG] [org.gradle.cache.internal.DefaultFileLockManager] Lock acquired on daemon addresses registry.
2024-01-17T16:58:22.128+0900 [DEBUG] [org.gradle.cache.internal.DefaultFileLockManager] Releasing lock on daemon addresses registry.
2024-01-17T16:58:22.131+0900 [DEBUG] [org.gradle.cache.internal.DefaultFileLockManager] Waiting to acquire shared lock on daemon addresses registry.
2024-01-17T16:58:22.132+0900 [DEBUG] [org.gradle.cache.internal.DefaultFileLockManager] Lock acquired on daemon addresses registry.
2024-01-17T16:58:22.133+0900 [DEBUG] [org.gradle.cache.internal.DefaultFileLockManager] Releasing lock on daemon addresses registry.
2024-01-17T16:58:22.136+0900 [DEBUG] [org.gradle.cache.internal.DefaultFileLockManager] Waiting to acquire shared lock on daemon addresses registry.
2024-01-17T16:58:22.137+0900 [DEBUG] [org.gradle.cache.internal.DefaultFileLockManager] Lock acquired on daemon addresses registry.
2024-01-17T16:58:22.138+0900 [DEBUG] [org.gradle.cache.internal.DefaultFileLockManager] Releasing lock on daemon addresses registry.
2024-01-17T16:58:22.141+0900 [DEBUG] [org.gradle.cache.internal.DefaultFileLockManager] Waiting to acquire shared lock on daemon addresses registry.
2024-01-17T16:58:22.142+0900 [DEBUG] [org.gradle.cache.internal.DefaultFileLockManager] Lock acquired on daemon addresses registry.
2024-01-17T16:58:22.143+0900 [DEBUG] [org.gradle.cache.internal.DefaultFileLockManager] Releasing lock on daemon addresses registry.
2024-01-17T16:58:22.144+0900 [DEBUG] [org.gradle.launcher.daemon.server.DaemonRegistryUpdater] Storing daemon stop event: other compatible daemons were started and after being idle for 0 minutes and not recently used
2024-01-17T16:58:22.144+0900 [DEBUG] [org.gradle.launcher.daemon.registry.PersistentDaemonRegistry] Storing daemon stop event with timestamp 1705478302144
2024-01-17T16:58:22.147+0900 [DEBUG] [org.gradle.cache.internal.DefaultFileLockManager] Waiting to acquire exclusive lock on daemon addresses registry.
2024-01-17T16:58:22.148+0900 [DEBUG] [org.gradle.cache.internal.DefaultFileLockManager] Lock acquired on daemon addresses registry.
2024-01-17T16:58:22.150+0900 [DEBUG] [org.gradle.cache.internal.DefaultFileLockManager] Releasing lock on daemon addresses registry.
2024-01-17T16:58:22.151+0900 [LIFECYCLE] [org.gradle.launcher.daemon.server.DaemonStateCoordinator] Daemon will be stopped at the end of the build other compatible daemons were started and after being idle for 0 minutes and not recently used
2024-01-17T16:58:22.151+0900 [DEBUG] [org.gradle.launcher.daemon.server.DaemonStateCoordinator] Marking daemon stopped due to other compatible daemons were started and after being idle for 0 minutes and not recently used. The daemon is running a build: false
2024-01-17T16:58:22.152+0900 [DEBUG] [org.gradle.launcher.daemon.server.DaemonStateCoordinator] daemon has stopped.
2024-01-17T16:58:22.152+0900 [DEBUG] [org.gradle.launcher.daemon.server.Daemon] stop() called on daemon
2024-01-17T16:58:22.152+0900 [INFO] [org.gradle.launcher.daemon.server.Daemon] Stop requested. Daemon is removing its presence from the registry...
2024-01-17T16:58:22.152+0900 [DEBUG] [org.gradle.launcher.daemon.server.DaemonRegistryUpdater] Removing our presence to clients, eg. removing this address from the registry: [4d10f07d-1093-4e86-b6ae-c493aede92bc port:58920, addresses:[localhost/127.0.0.1]]
2024-01-17T16:58:22.152+0900 [DEBUG] [org.gradle.launcher.daemon.registry.PersistentDaemonRegistry] Removing daemon address: [4d10f07d-1093-4e86-b6ae-c493aede92bc port:58920, addresses:[localhost/127.0.0.1]]
2024-01-17T16:58:22.155+0900 [DEBUG] [org.gradle.cache.internal.DefaultFileLockManager] Waiting to acquire exclusive lock on daemon addresses registry.
2024-01-17T16:58:22.157+0900 [DEBUG] [org.gradle.cache.internal.DefaultFileLockManager] Lock acquired on daemon addresses registry.
2024-01-17T16:58:22.160+0900 [DEBUG] [org.gradle.cache.internal.DefaultFileLockManager] Releasing lock on daemon addresses registry.
2024-01-17T16:58:22.160+0900 [DEBUG] [org.gradle.launcher.daemon.server.DaemonRegistryUpdater] Address removed from registry.
2024-01-17T16:58:22.162+0900 [DEBUG] [org.gradle.cache.internal.DefaultPersistentDirectoryStore] jars (C:\Users\lisso\Desktop\ALZPA\server\server\caches\jars-9) has last been fully cleaned up 1 hours ago
2024-01-17T16:58:22.163+0900 [DEBUG] [org.gradle.cache.internal.DefaultPersistentDirectoryStore] Artifact transforms cache (C:\Users\lisso\Desktop\ALZPA\server\server\caches\transforms-3) has last been fully cleaned up 1 hours ago
2024-01-17T16:58:22.164+0900 [DEBUG] [org.gradle.cache.internal.DefaultCacheCoordinator] Cache Artifact transforms cache (C:\Users\lisso\Desktop\ALZPA\server\server\caches\transforms-3) was closed 0 times.
2024-01-17T16:58:22.165+0900 [DEBUG] [org.gradle.internal.watch.vfs.impl.WatchingVirtualFileSystem] Closing VFS, dropping state
2024-01-17T16:58:22.166+0900 [DEBUG] [org.gradle.cache.internal.DefaultCacheCoordinator] Cache Generated Gradle JARs cache (C:\Users\lisso\Desktop\ALZPA\server\server\caches\8.5\generated-gradle-jars) was closed 0 times.
2024-01-17T16:58:22.167+0900 [DEBUG] [org.gradle.internal.watch.registry.impl.DefaultFileWatcherRegistry] Finished listening to file system change events
2024-01-17T16:58:22.167+0900 [DEBUG] [org.gradle.cache.internal.DefaultPersistentDirectoryStore] artifact cache (C:\Users\lisso\Desktop\ALZPA\server\server\caches\modules-2) has last been fully cleaned up 1 hours ago
2024-01-17T16:58:22.168+0900 [DEBUG] [org.gradle.cache.internal.LockOnDemandCrossProcessCacheAccess] Releasing file lock for Java compile cache (C:\Users\lisso\Desktop\ALZPA\server\server\caches\8.5\javaCompile)
2024-01-17T16:58:22.169+0900 [DEBUG] [org.gradle.cache.internal.btree.BTreePersistentIndexedCache] Closing cache jarAnalysis.bin (C:\Users\lisso\Desktop\ALZPA\server\server\caches\8.5\javaCompile\jarAnalysis.bin)
2024-01-17T16:58:22.169+0900 [DEBUG] [org.gradle.cache.internal.btree.BTreePersistentIndexedCache] Closing cache classAnalysis.bin (C:\Users\lisso\Desktop\ALZPA\server\server\caches\8.5\javaCompile\classAnalysis.bin)
2024-01-17T16:58:22.170+0900 [DEBUG] [org.gradle.cache.internal.DefaultFileLockManager] Releasing lock on Java compile cache (C:\Users\lisso\Desktop\ALZPA\server\server\caches\8.5\javaCompile).
Daemon vm is shutting down... The daemon has exited normally or was terminated in response to a user interrupt.
2024-01-17T16:58:22.172+0900 [DEBUG] [org.gradle.launcher.daemon.registry.PersistentDaemonRegistry] Removing daemon address: [4d10f07d-1093-4e86-b6ae-c493aede92bc port:58920, addresses:[localhost/127.0.0.1]]
2024-01-17T16:58:22.176+0900 [DEBUG] [org.gradle.cache.internal.DefaultFileLockManager] Waiting to acquire exclusive lock on daemon addresses registry.
2024-01-17T16:58:22.177+0900 [DEBUG] [org.gradle.cache.internal.DefaultFileLockManager] Lock acquired on daemon addresses registry.
2024-01-17T16:58:22.180+0900 [DEBUG] [org.gradle.cache.internal.DefaultFileLockManager] Releasing lock on daemon addresses registry.
